Warning: ignoring unsupported tag `ALLOW_UNICODE_NAMES    =' at line 79, file /home/travis/build/rockf91/zFrame/Doxyfile
Warning: ignoring unsupported tag `TOC_INCLUDE_HEADINGS   =' at line 314, file /home/travis/build/rockf91/zFrame/Doxyfile
Warning: ignoring unsupported tag `GROUP_NESTED_COMPOUNDS =' at line 371, file /home/travis/build/rockf91/zFrame/Doxyfile
Warning: ignoring unsupported tag `HIDE_COMPOUND_REFERENCE=' at line 542, file /home/travis/build/rockf91/zFrame/Doxyfile
Warning: ignoring unsupported tag `WARN_AS_ERROR          =' at line 766, file /home/travis/build/rockf91/zFrame/Doxyfile
Warning: Tag `CLANG_ASSISTED_PARSING' at line 1083 of file /home/travis/build/rockf91/zFrame/Doxyfile belongs to an option that was not enabled at compile time.
To avoid this warning please remove this line from your configuration file, upgrade it using "doxygen -u", or recompile doxygen with this feature enabled.
Warning: Tag `CLANG_OPTIONS' at line 1091 of file /home/travis/build/rockf91/zFrame/Doxyfile belongs to an option that was not enabled at compile time.
To avoid this warning please remove this line from your configuration file, upgrade it using "doxygen -u", or recompile doxygen with this feature enabled.
Warning: ignoring unsupported tag `CLANG_COMPILATION_DATABASE_PATH=' at line 1102, file /home/travis/build/rockf91/zFrame/Doxyfile
Warning: ignoring unsupported tag `HTML_DYNAMIC_MENUS     =' at line 1267, file /home/travis/build/rockf91/zFrame/Doxyfile
Warning: ignoring unsupported tag `LATEX_EXTRA_STYLESHEET =' at line 1782, file /home/travis/build/rockf91/zFrame/Doxyfile
Warning: ignoring unsupported tag `LATEX_TIMESTAMP        =' at line 1849, file /home/travis/build/rockf91/zFrame/Doxyfile
Warning: ignoring unsupported tag `RTF_SOURCE_CODE        =' at line 1915, file /home/travis/build/rockf91/zFrame/Doxyfile
Warning: ignoring unsupported tag `MAN_SUBDIR             =' at line 1950, file /home/travis/build/rockf91/zFrame/Doxyfile
Warning: ignoring unsupported tag `DOCBOOK_PROGRAMLISTING =' at line 2013, file /home/travis/build/rockf91/zFrame/Doxyfile
Warning: ignoring unsupported tag `PLANTUML_JAR_PATH      =' at line 2442, file /home/travis/build/rockf91/zFrame/Doxyfile
Warning: ignoring unsupported tag `PLANTUML_CFG_FILE      =' at line 2447, file /home/travis/build/rockf91/zFrame/Doxyfile
Warning: ignoring unsupported tag `PLANTUML_INCLUDE_PATH  =' at line 2452, file /home/travis/build/rockf91/zFrame/Doxyfile
Warning: the dot tool could not be found at /usr/local/bin
Searching for include files...
Searching for example files...
Searching for images...
Searching for dot files...
Searching for msc files...
Searching for dia files...
Searching for files to exclude
Searching for files to process...
Searching for files in directory /home/travis/build/rockf91/zFrame
Searching for files in directory /home/travis/build/rockf91/zFrame/Assets
Searching for files in directory /home/travis/build/rockf91/zFrame/Assets/zFrame
Searching for files in directory /home/travis/build/rockf91/zFrame/code_docs
Searching for files in directory /home/travis/build/rockf91/zFrame/code_docs/zFrame
Searching for files in directory /home/travis/build/rockf91/zFrame/obj
Searching for files in directory /home/travis/build/rockf91/zFrame/obj/Release
Searching for files in directory /home/travis/build/rockf91/zFrame/Temp
Searching for files in directory /home/travis/build/rockf91/zFrame/Temp/bin
Searching for files in directory /home/travis/build/rockf91/zFrame/Temp/bin/Release
Searching for files in directory /home/travis/build/rockf91/zFrame/UnityLib
Reading and parsing tag files
Parsing files
Preprocessing /home/travis/build/rockf91/zFrame/Assets/zFrame/GameManager.cs...
Parsing file /home/travis/build/rockf91/zFrame/Assets/zFrame/GameManager.cs...
Reading /home/travis/build/rockf91/zFrame/code_docs/zFrame/README.md...
Reading /home/travis/build/rockf91/zFrame/README.md...
Building group list...
Building directory list...
Building namespace list...
Building file list...
Building class list...
Associating documentation with classes...
Computing nesting relations for classes...
Building example list...
Searching for enumerations...
Searching for documented typedefs...
Searching for members imported via using declarations...
Searching for included using directives...
Searching for documented variables...
Building interface member list...
Building member list...
Searching for friends...
Searching for documented defines...
Computing class inheritance relations...
Computing class usage relations...
Flushing cached template relations that have become invalid...
Creating members for template instances...
Computing class relations...
Add enum values to enums...
Searching for member function documentation...
Building page list...
Search for main page...
Computing page relations...
Determining the scope of groups...
Sorting lists...
Freeing entry tree
Determining which enums are documented
Computing member relations...
Building full member lists recursively...
Adding members to member groups.
Computing member references...
Inheriting documentation...
Generating disk names...
Adding source references...
Adding xrefitems...
Sorting member lists...
Computing dependencies between directories...
Generating citations page...
Counting data structures...
Resolving user defined references...
Finding anchors and sections in the documentation...
Transferring function references...
Combining using relations...
Adding members to index pages...
Generating style sheet...
Generating search indices...
Generating example documentation...
Generating file sources...
Generating code for file GameManager.cs...
Generating code for file README.md...
Generating code for file README.md...
Generating file documentation...
Generating docs for file GameManager.cs...
Generating docs for file README.md...
Generating docs for file README.md...
Generating page documentation...
Generating docs for page md_README...
Generating docs for page md__home_travis_build_rockf91_zFrame_README...
Generating group documentation...
Generating class documentation...
Generating docs for compound GameManager...
Generating namespace index...
Generating graph info page...
Generating directory documentation...
Generating dependency graph for directory Assets
Generating dependency graph for directory zFrame
Generating index page...
Generating page index...
Generating module index...
Generating namespace index...
Generating namespace member index...
Generating annotated compound index...
Generating alphabetical compound index...
Generating hierarchical class index...
Generating graphical class hierarchy...
Generating member index...
Generating file index...
Generating file member index...
Generating example index...
finalizing index lists...
Running dot...
Generating dot graphs using 3 parallel threads...
Running dot for graph 1/6
Running dot for graph 2/6
Running dot for graph 3/6
Running dot for graph 4/6
Running dot for graph 5/6
Running dot for graph 6/6
Patching output file 1/4
Patching output file 2/4
Patching output file 3/4
Patching output file 4/4
lookup cache used 8/65536 hits=12 misses=8
finished...
